<?xml version="1.0" encoding="UTF-8"?>
<!-- Generated by org.testng.reporters.JUnitReportReporter -->
<testsuite skipped="0" hostname="DESKTOP-7RQSRHI" name="testNG.testNGGroup" tests="6" failures="0" timestamp="2022-06-03T11:02:07 IST" time="0.025" errors="0">
  <testcase name="genkings2" time="0.005" classname="testNG.testNGGroup"/>
  <system-out/>
  <testcase name="maven1" time="0.004" classname="testNG.testNGGroup"/>
  <system-out/>
  <testcase name="keatolan2" time="0.002" classname="testNG.testNGGroup"/>
  <system-out/>
  <testcase name="genkings1" time="0.011" classname="testNG.testNGGroup"/>
  <system-out/>
  <testcase name="maven2" time="0.001" classname="testNG.testNGGroup"/>
  <system-out/>
  <testcase name="keatolan1" time="0.002" classname="testNG.testNGGroup"/>
  <system-out/>
</testsuite> <!-- testNG.testNGGroup -->
