<?xml version="1.0" encoding="UTF-8"?>
<!-- Generated by org.testng.reporters.JUnitReportReporter -->
<testsuite skipped="0" hostname="DESKTOP-7RQSRHI" name="testNG.parameterizationTestng" tests="1" failures="0" timestamp="2022-06-03T15:03:54 IST" time="0.013" errors="0">
  <testcase name="printname" time="0.013" classname="testNG.parameterizationTestng"/>
  <system-out/>
</testsuite> <!-- testNG.parameterizationTestng -->
