<?xml version="1.0" encoding="UTF-8"?>
<!-- Generated by org.testng.reporters.JUnitReportReporter -->
<testsuite skipped="0" hostname="DESKTOP-7RQSRHI" name="testNG.annotataionsTestcase" tests="1" failures="0" timestamp="2022-06-03T17:53:54 IST" time="0.015" errors="0">
  <testcase name="test" time="0.015" classname="testNG.annotataionsTestcase"/>
  <system-out/>
</testsuite> <!-- testNG.annotataionsTestcase -->
