<?xml version="1.0" encoding="UTF-8"?>
<!-- Generated by org.testng.reporters.JUnitReportReporter -->
<testsuite skipped="0" hostname="DESKTOP-7RQSRHI" name="testNG.sampletestNG" tests="4" failures="0" timestamp="2022-06-02T19:00:55 IST" time="0.008" errors="0">
  <testcase name="firsttestcase" time="0.002" classname="testNG.sampletestNG"/>
  <system-out/>
  <testcase name="secondtestcase" time="0.002" classname="testNG.sampletestNG"/>
  <system-out/>
  <testcase name="thirdtestcase" time="0.001" classname="testNG.sampletestNG"/>
  <system-out/>
  <testcase name="fourthtestcase" time="0.003" classname="testNG.sampletestNG"/>
  <system-out/>
</testsuite> <!-- testNG.sampletestNG -->
