<?xml version="1.0" encoding="UTF-8"?>
<!-- Generated by org.testng.reporters.JUnitReportReporter -->
<testsuite skipped="0" hostname="DESKTOP-7RQSRHI" name="testNG.parallelTestcase" tests="2" failures="0" timestamp="2022-06-03T15:40:09 IST" time="331.509" errors="0">
  <testcase name="opengoogle" time="179.551" classname="testNG.parallelTestcase"/>
  <system-out/>
  <testcase name="openbing" time="151.958" classname="testNG.parallelTestcase"/>
  <system-out/>
</testsuite> <!-- testNG.parallelTestcase -->
