<?xml version="1.0" encoding="UTF-8"?>
<!-- Generated by org.testng.reporters.JUnitReportReporter -->
<testsuite skipped="0" hostname="DESKTOP-7RQSRHI" name="testNG.softwareLifeCycle" tests="5" failures="0" timestamp="2022-06-02T19:00:55 IST" time="0.008" errors="0">
  <testcase name="startplan" time="0.003" classname="testNG.softwareLifeCycle"/>
  <system-out/>
  <testcase name="analyse" time="0.001" classname="testNG.softwareLifeCycle"/>
  <system-out/>
  <testcase name="developtheproject" time="0.002" classname="testNG.softwareLifeCycle"/>
  <system-out/>
  <testcase name="deploytheproject" time="0.001" classname="testNG.softwareLifeCycle"/>
  <system-out/>
  <testcase name="production" time="0.001" classname="testNG.softwareLifeCycle"/>
  <system-out/>
</testsuite> <!-- testNG.softwareLifeCycle -->
