<?xml version="1.0" encoding="UTF-8"?>
<!-- Generated by org.testng.reporters.JUnitReportReporter -->
<testsuite skipped="2" hostname="DESKTOP-7RQSRHI" name="testNG.skipTestCase" tests="7" failures="0" timestamp="2022-06-02T19:00:56 IST" time="0.007" errors="0">
  <testcase name="startplan" time="0.001" classname="testNG.skipTestCase"/>
  <system-out/>
  <testcase name="analyse" time="0.001" classname="testNG.skipTestCase"/>
  <system-out/>
  <testcase name="developtheproject" time="0.002" classname="testNG.skipTestCase"/>
  <system-out/>
  <testcase name="deploytheproject" time="0.002" classname="testNG.skipTestCase"/>
  <system-out/>
  <testcase name="production" time="0.001" classname="testNG.skipTestCase"/>
  <system-out/>
  <testcase name="movetotesting" classname="testNG.skipTestCase">
    <skipped/>
  </testcase> <!-- movetotesting -->
  <system-out/>
  <testcase name="issuesgiven" classname="testNG.skipTestCase">
    <skipped/>
  </testcase> <!-- issuesgiven -->
  <system-out/>
</testsuite> <!-- testNG.skipTestCase -->
